<?xml version="1.0" encoding="UTF-8"?>
<!-- Generated by org.testng.reporters.JUnitReportReporter -->
<testsuite hostname="Khudia_XPS" failures="0" tests="1" name="com.aut.cura.TestLoginLogout_Negative" time="35.614" errors="0" timestamp="23 Aug 2018 07:55:12 GMT">
  <testcase classname="com.aut.cura.TestLoginLogout_Negative" name="testMethod" time="35.614"/>
</testsuite> <!-- com.aut.cura.TestLoginLogout_Negative -->
