<?xml version="1.0" encoding="UTF-8"?>
<!-- Generated by org.testng.reporters.JUnitReportReporter -->
<testsuite hostname="Khudia_XPS" failures="0" tests="1" name="com.aut.LinkedIn.Framework_002" time="124.053" errors="0" timestamp="17 Aug 2018 11:19:21 GMT">
  <testcase classname="com.aut.LinkedIn.Framework_002" name="testMethod" time="124.053"/>
</testsuite> <!-- com.aut.LinkedIn.Framework_002 -->
