<?xml version="1.0" encoding="UTF-8"?>
<!-- Generated by org.testng.reporters.JUnitReportReporter -->
<testsuite hostname="Khudia_XPS" name="com.aut.cura.BookAppointmentBeforeLogin" tests="1" failures="0" timestamp="31 Aug 2018 08:51:31 GMT" time="46.260" errors="0">
  <testcase name="testMethod_bookAppintmentWithHospitalReadmission" time="46.260" classname="com.aut.cura.BookAppointmentBeforeLogin"/>
</testsuite> <!-- com.aut.cura.BookAppointmentBeforeLogin -->
