<?xml version="1.0" encoding="UTF-8"?>
<!-- Generated by org.testng.reporters.JUnitReportReporter -->
<testsuite hostname="Khudia_XPS" name="com.aut.cura.BookAppointmentAfterLogin" tests="1" failures="0" timestamp="31 Aug 2018 08:02:03 GMT" time="45.119" errors="0">
  <testcase name="testMethod_bookAppintment" time="45.119" classname="com.aut.cura.BookAppointmentAfterLogin"/>
</testsuite> <!-- com.aut.cura.BookAppointmentAfterLogin -->
