<?xml version="1.0" encoding="UTF-8"?>
<!-- Generated by org.testng.reporters.JUnitReportReporter -->
<testsuite hostname="Khudia_XPS" failures="0" tests="1" name="com.aut.cura.TestLoginLogout_Positive" time="42.888" errors="0" timestamp="23 Aug 2018 07:51:56 GMT">
  <testcase classname="com.aut.cura.TestLoginLogout_Positive" name="testMethod" time="42.888"/>
</testsuite> <!-- com.aut.cura.TestLoginLogout_Positive -->
