<?xml version="1.0" encoding="UTF-8"?>
<!-- Generated by org.testng.reporters.JUnitReportReporter -->
<testsuite hostname="Khudia_XPS" failures="0" tests="1" name="com.aut.cura.TestLoginLogout_Positive" time="67.954" errors="0" timestamp="23 Aug 2018 06:41:27 GMT">
  <testcase classname="com.aut.cura.TestLoginLogout_Positive" name="testMethod" time="67.954"/>
</testsuite> <!-- com.aut.cura.TestLoginLogout_Positive -->
