<?xml version="1.0" encoding="UTF-8"?>
<!-- Generated by org.testng.reporters.JUnitReportReporter -->
<testsuite hostname="Khudia_XPS" failures="0" tests="2" name="com.aut.cura.TestLoginLogout_Positive" time="81.487" errors="0" timestamp="28 Aug 2018 07:38:12 GMT">
  <testcase classname="com.aut.cura.TestLoginLogout_Positive" name="testMethod_loginPositive" time="51.513"/>
  <testcase classname="com.aut.cura.TestLoginLogout_Positive" name="testMethod_loginNegative" time="29.974"/>
</testsuite> <!-- com.aut.cura.TestLoginLogout_Positive -->
