<?xml version="1.0" encoding="UTF-8"?>
<!-- Generated by org.testng.reporters.JUnitReportReporter -->
<testsuite hostname="Khudia_XPS" name="com.aut.cura.BookAppointmentWithoutLogin" tests="1" failures="0" timestamp="31 Aug 2018 10:50:18 GMT" time="6945.958" errors="0">
  <testcase name="testMethod_bookAppintmentWithHospitalReadmission" time="6945.958" classname="com.aut.cura.BookAppointmentWithoutLogin"/>
</testsuite> <!-- com.aut.cura.BookAppointmentWithoutLogin -->
