<?xml version="1.0" encoding="UTF-8"?>
<!-- Generated by org.testng.reporters.JUnitReportReporter -->
<testsuite hostname="Khudia_XPS" name="com.aut.cura.BookAppointmentWithoutLogin" tests="1" failures="0" timestamp="4 Sep 2018 07:10:56 GMT" time="44.023" errors="0">
  <testcase name="testMethod_bookAppintmentWithHospitalReadmission" time="44.023" classname="com.aut.cura.BookAppointmentWithoutLogin"/>
</testsuite> <!-- com.aut.cura.BookAppointmentWithoutLogin -->
